0 info it worked if it ends with ok
1 verbose cli [ '/home/future/.local/bin/node',
1 verbose cli   '/home/future/.local/bin/npm',
1 verbose cli   'start' ]
2 info using npm@1.2.18
3 info using node@v0.10.5
4 verbose read json /home/future/recommender/package.json
5 warn package.json tags-cloud@0.0.1 No README.md file found!
6 verbose run-script [ 'prestart', 'start', 'poststart' ]
7 info prestart tags-cloud@0.0.1
8 info start tags-cloud@0.0.1
9 verbose unsafe-perm in lifecycle true
10 silly exec sh "-c" "node ./server.js"
11 silly sh,-c,node ./server.js,/home/future/recommender spawning
12 info tags-cloud@0.0.1 Failed to exec start script
13 error tags-cloud@0.0.1 start: `node ./server.js`
13 error `sh "-c" "node ./server.js"` failed with 8
14 error Failed at the tags-cloud@0.0.1 start script.
14 error This is most likely a problem with the tags-cloud package,
14 error not with npm itself.
14 error Tell the author that this fails on your system:
14 error     node ./server.js
14 error You can get their info via:
14 error     npm owner ls tags-cloud
14 error There is likely additional logging output above.
15 error System Linux 2.6.32-57-generic
16 error command "/home/future/.local/bin/node" "/home/future/.local/bin/npm" "start"
17 error cwd /home/future/recommender
18 error node -v v0.10.5
19 error npm -v 1.2.18
20 error code ELIFECYCLE
21 verbose exit [ 1, true ]
